<?xml version="1.0" encoding="utf-8"?><testsuites name="pytest tests"><testsuite name="pytest" errors="0" failures="0" skipped="0" tests="20" time="8.673" timestamp="2026-03-21T13:23:27.907386+00:00" hostname="agent-env-498b61b0-a72b-4914-9348-4dba8dba4dca"><testcase classname="backend.tests.test_radio_donation.TestRadioPlaylist" name="test_get_playlist" time="0.218" /><testcase classname="backend.tests.test_radio_donation.TestRadioPlaylist" name="test_get_specific_track" time="0.278" /><testcase classname="backend.tests.test_radio_donation.TestRadioPlaylist" name="test_get_nonexistent_track" time="0.135" /><testcase classname="backend.tests.test_radio_donation.TestRadioTrackUpload" name="test_upload_track" time="0.103" /><testcase classname="backend.tests.test_radio_donation.TestRadioTrackUpload" name="test_upload_track_missing_file" time="0.106" /><testcase classname="backend.tests.test_radio_donation.TestRadioTrackDelete" name="test_delete_track" time="0.371" /><testcase classname="backend.tests.test_radio_donation.TestRadioTrackDelete" name="test_delete_nonexistent_track" time="0.098" /><testcase classname="backend.tests.test_radio_donation.TestDJAnnouncements" name="test_get_dj_announcements" time="0.143" /><testcase classname="backend.tests.test_radio_donation.TestDJAnnouncements" name="test_create_dj_announcement" time="2.640" /><testcase classname="backend.tests.test_radio_donation.TestDJAnnouncements" name="test_create_dj_announcement_different_voice" time="1.261" /><testcase classname="backend.tests.test_radio_donation.TestDonationSystem" name="test_create_donation_session_5_dollars" time="0.564" /><testcase classname="backend.tests.test_radio_donation.TestDonationSystem" name="test_create_donation_session_10_dollars" time="0.475" /><testcase classname="backend.tests.test_radio_donation.TestDonationSystem" name="test_create_donation_session_25_dollars" time="0.455" /><testcase classname="backend.tests.test_radio_donation.TestDonationSystem" name="test_create_donation_session_custom_amount" time="0.447" /><testcase classname="backend.tests.test_radio_donation.TestDonationSystem" name="test_donation_amount_too_low" time="0.097" /><testcase classname="backend.tests.test_radio_donation.TestDonationSystem" name="test_donation_amount_too_high" time="0.106" /><testcase classname="backend.tests.test_radio_donation.TestDonationSystem" name="test_donation_stored_in_database" time="0.616" /><testcase classname="backend.tests.test_radio_donation.TestAnalyticsDashboardRevenue" name="test_dashboard_has_separate_revenue_fields" time="0.093" /><testcase classname="backend.tests.test_radio_donation.TestAnalyticsDashboardRevenue" name="test_dashboard_recent_transactions_show_donation_type" time="0.119" /><testcase classname="backend.tests.test_radio_donation.TestCleanup" name="test_cleanup_test_tracks" time="0.250" /></testsuite></testsuites>