<?xml version="1.0" encoding="utf-8"?><testsuites name="pytest tests"><testsuite name="pytest" errors="0" failures="0" skipped="0" tests="11" time="1.334" timestamp="2026-04-03T06:58:12.956650+00:00" hostname="agent-env-498b61b0-a72b-4914-9348-4dba8dba4dca"><testcase classname="tests.test_two_tier_membership.TestSubscriptionEndpoints" name="test_check_subscription_no_subscription" time="0.150" /><testcase classname="tests.test_two_tier_membership.TestSubscriptionEndpoints" name="test_check_tier_no_subscription" time="0.099" /><testcase classname="tests.test_two_tier_membership.TestSubscriptionEndpoints" name="test_check_subscription_missing_email" time="0.100" /><testcase classname="tests.test_two_tier_membership.TestSubscriptionEndpoints" name="test_check_tier_missing_email" time="0.099" /><testcase classname="tests.test_two_tier_membership.TestBasicSubscriptionEndpoint" name="test_basic_subscribe_endpoint_exists" time="0.144" /><testcase classname="tests.test_two_tier_membership.TestBasicSubscriptionEndpoint" name="test_basic_subscribe_missing_origin_url" time="0.129" /><testcase classname="tests.test_two_tier_membership.TestPremiumSubscriptionEndpoint" name="test_premium_subscribe_endpoint_exists" time="0.135" /><testcase classname="tests.test_two_tier_membership.TestPremiumSubscriptionEndpoint" name="test_premium_subscribe_missing_origin_url" time="0.128" /><testcase classname="tests.test_two_tier_membership.TestWebhookEndpoint" name="test_webhook_endpoint_exists" time="0.098" /><testcase classname="tests.test_two_tier_membership.TestEndpointResponseStructure" name="test_check_subscription_response_structure" time="0.096" /><testcase classname="tests.test_two_tier_membership.TestEndpointResponseStructure" name="test_check_tier_response_structure" time="0.105" /></testsuite></testsuites>