<?xml version="1.0" encoding="utf-8"?><testsuites name="pytest tests"><testsuite name="pytest" errors="0" failures="0" skipped="0" tests="13" time="2.122" timestamp="2026-03-22T23:10:20.210324+00:00" hostname="agent-env-498b61b0-a72b-4914-9348-4dba8dba4dca"><testcase classname="backend.tests.test_ai_chat.TestAIChatUsage" name="test_usage_endpoint_returns_stats" time="0.242" /><testcase classname="backend.tests.test_ai_chat.TestAIChatUsage" name="test_free_tier_limit_is_3_per_day" time="0.105" /><testcase classname="backend.tests.test_ai_chat.TestAIChatMessage" name="test_message_endpoint_exists" time="0.116" /><testcase classname="backend.tests.test_ai_chat.TestAIChatMessage" name="test_free_tier_limit_enforced" time="0.247" /><testcase classname="backend.tests.test_ai_chat.TestAIChatHistory" name="test_history_endpoint_returns_list" time="0.121" /><testcase classname="backend.tests.test_ai_chat.TestAIChatAdminStats" name="test_admin_stats_returns_all_metrics" time="0.120" /><testcase classname="backend.tests.test_ai_chat.TestAIChatAdminStats" name="test_revenue_calculation" time="0.109" /><testcase classname="backend.tests.test_ai_chat.TestAIChatAdminSubscribers" name="test_subscribers_endpoint_returns_list" time="0.104" /><testcase classname="backend.tests.test_ai_chat.TestAIChatAdminPricing" name="test_pricing_config_returns_defaults" time="0.158" /><testcase classname="backend.tests.test_ai_chat.TestAIChatSubscription" name="test_subscribe_endpoint_exists" time="0.266" /><testcase classname="backend.tests.test_ai_chat.TestAIChatSubscription" name="test_subscribe_requires_email" time="0.114" /><testcase classname="backend.tests.test_ai_chat.TestAIChatIntegration" name="test_usage_updates_after_message" time="0.240" /><testcase classname="backend.tests.test_ai_chat.TestAIChatIntegration" name="test_free_vs_paid_message_tracking" time="0.108" /></testsuite></testsuites>