<?xml version="1.0" encoding="utf-8"?><testsuites name="pytest tests"><testsuite name="pytest" errors="0" failures="0" skipped="0" tests="11" time="25.061" timestamp="2026-03-26T17:13:45.932140+00:00" hostname="agent-env-498b61b0-a72b-4914-9348-4dba8dba4dca"><testcase classname="backend.tests.test_radio_ai_richard.TestRadioPlaylistMixed" name="test_playlist_mixed_returns_60_items" time="0.253" /><testcase classname="backend.tests.test_radio_ai_richard.TestRadioPlaylistMixed" name="test_playlist_mixed_has_tracks_and_announcements" time="0.160" /><testcase classname="backend.tests.test_radio_ai_richard.TestRadioPlaylistMixed" name="test_playlist_mixed_announcements_interspersed" time="0.223" /><testcase classname="backend.tests.test_radio_ai_richard.TestRadioPlaylistMixed" name="test_playlist_mixed_item_structure" time="0.139" /><testcase classname="backend.tests.test_radio_ai_richard.TestAIRichardConversationPersistence" name="test_conversation_remembers_user_name" time="2.866" /><testcase classname="backend.tests.test_radio_ai_richard.TestAIRichardConversationPersistence" name="test_conversation_remembers_topic" time="7.528" /><testcase classname="backend.tests.test_radio_ai_richard.TestAIRichardConversationPersistence" name="test_multi_turn_conversation" time="9.204" /><testcase classname="backend.tests.test_radio_ai_richard.TestAIRichardConversationPersistence" name="test_new_conversation_has_no_previous_context" time="3.146" /><testcase classname="backend.tests.test_radio_ai_richard.TestAIRichardKeywordResponses" name="test_homepage_keyword_response" time="1.179" /><testcase classname="backend.tests.test_radio_ai_richard.TestAIRichardKeywordResponses" name="test_page_two_keyword_response" time="0.157" /><testcase classname="backend.tests.test_radio_ai_richard.TestAIRichardStats" name="test_stats_endpoint" time="0.113" /></testsuite></testsuites>