<?xml version="1.0" encoding="utf-8"?><testsuites name="pytest tests"><testsuite name="pytest" errors="0" failures="0" skipped="1" tests="12" time="1.476" timestamp="2026-03-24T01:28:35.814811+00:00" hostname="agent-env-498b61b0-a72b-4914-9348-4dba8dba4dca"><testcase classname="backend.tests.test_website_orders.TestWebsiteOrdersPackages" name="test_get_packages_success" time="0.199" /><testcase classname="backend.tests.test_website_orders.TestWebsiteOrdersPackages" name="test_package_pricing_correct" time="0.107" /><testcase classname="backend.tests.test_website_orders.TestWebsiteOrdersCreation" name="test_create_order_success" time="0.000"><skipped type="pytest.skip" message="Stripe API key is invalid - needs main agent to fix">/app/backend/tests/test_website_orders.py:61: Stripe API key is invalid - needs main agent to fix</skipped></testcase><testcase classname="backend.tests.test_website_orders.TestWebsiteOrdersCreation" name="test_create_order_invalid_package" time="0.115" /><testcase classname="backend.tests.test_website_orders.TestWebsiteOrdersCreation" name="test_create_order_missing_required_fields" time="0.105" /><testcase classname="backend.tests.test_website_orders.TestWebsiteOrdersRetrieval" name="test_get_all_orders" time="0.156" /><testcase classname="backend.tests.test_website_orders.TestWebsiteOrdersRetrieval" name="test_get_orders_with_status_filter" time="0.162" /><testcase classname="backend.tests.test_website_orders.TestWebsiteOrdersRetrieval" name="test_get_nonexistent_order" time="0.103" /><testcase classname="backend.tests.test_website_orders.TestWebsiteOrdersStatusUpdate" name="test_update_order_status_invalid" time="0.111" /><testcase classname="backend.tests.test_website_orders.TestWebsiteOrdersStatusUpdate" name="test_update_nonexistent_order_status" time="0.108" /><testcase classname="backend.tests.test_website_orders.TestWebsiteOrdersStats" name="test_get_stats" time="0.144" /><testcase classname="backend.tests.test_website_orders.TestWebsiteOrdersWebhook" name="test_webhook_endpoint_exists" time="0.105" /></testsuite></testsuites>