<?xml version="1.0" encoding="utf-8"?><testsuites name="pytest tests"><testsuite name="pytest" errors="0" failures="0" skipped="0" tests="10" time="2.950" timestamp="2026-03-21T10:26:36.692530+00:00" hostname="agent-env-498b61b0-a72b-4914-9348-4dba8dba4dca"><testcase classname="tests.test_payments_analytics.TestHealthCheck" name="test_root_endpoint" time="0.127" /><testcase classname="tests.test_payments_analytics.TestAnalyticsEndpoints" name="test_dashboard_endpoint" time="0.109" /><testcase classname="tests.test_payments_analytics.TestAnalyticsEndpoints" name="test_pageview_tracking" time="0.136" /><testcase classname="tests.test_payments_analytics.TestAnalyticsEndpoints" name="test_transactions_endpoint" time="0.095" /><testcase classname="tests.test_payments_analytics.TestPaymentEndpoints" name="test_checkout_session_creation" time="0.624" /><testcase classname="tests.test_payments_analytics.TestPaymentEndpoints" name="test_checkout_session_invalid_package" time="0.116" /><testcase classname="tests.test_payments_analytics.TestPaymentEndpoints" name="test_checkout_status_endpoint" time="0.802" /><testcase classname="tests.test_payments_analytics.TestPaymentPersistence" name="test_transaction_stored_after_checkout" time="0.554" /><testcase classname="tests.test_payments_analytics.TestDashboardRealTimeData" name="test_dashboard_shows_transactions" time="0.103" /><testcase classname="tests.test_payments_analytics.TestDashboardRealTimeData" name="test_dashboard_shows_page_views" time="0.218" /></testsuite></testsuites>